2025-05-28T01:36:18.044+08:00  INFO 37640 --- [quizz-b] [SpringApplicationShutdownHook] o.s.b.w.e.tomcat.GracefulShutdown        : Commencing graceful shutdown. Waiting for active requests to complete
2025-05-28T01:36:18.061+08:00  INFO 37640 --- [quizz-b] [tomcat-shutdown] o.s.b.w.e.tomcat.GracefulShutdown        : Graceful shutdown complete
2025-05-28T01:36:18.066+08:00  INFO 37640 --- [quizz-b] [SpringApplicationShutdownHook] j.LocalContainerEntityManagerFactoryBean : Closing JPA EntityManagerFactory for persistence unit 'default'
2025-05-28T01:36:18.071+08:00  INFO 37640 --- [quizz-b] [SpringApplicationShutdownHook] com.zaxxer.hikari.HikariDataSource       : HikariPool-1 - Shutdown initiated...
2025-05-28T01:36:18.073+08:00  INFO 37640 --- [quizz-b] [SpringApplicationShutdownHook] com.zaxxer.hikari.HikariDataSource       : HikariPool-1 - Shutdown completed.
2025-05-28T13:39:35.762+08:00  INFO 11636 --- [quizz-b] [main] com.example.quizz_b.DemoApplication      : Starting DemoApplication using Java 21.0.6 with PID 11636 (E:\quizz-b\target\classes started by NTPU in E:\quizz-b)
2025-05-28T13:39:35.763+08:00  INFO 11636 --- [quizz-b] [main] com.example.quizz_b.DemoApplication      : No active profile set, falling back to 1 default profile: "default"
2025-05-28T13:39:36.276+08:00  INFO 11636 --- [quizz-b] [main] .s.d.r.c.RepositoryConfigurationDelegate : Multiple Spring Data modules found, entering strict repository configuration mode
2025-05-28T13:39:36.277+08:00  INFO 11636 --- [quizz-b] [main] .s.d.r.c.RepositoryConfigurationDelegate : Bootstrapping Spring Data JDBC repositories in DEFAULT mode.
2025-05-28T13:39:36.301+08:00  INFO 11636 --- [quizz-b] [main] .RepositoryConfigurationExtensionSupport : Spring Data JDBC - Could not safely identify store assignment for repository candidate interface com.example.quizz_b.repository.UserRepository; If you want this repository to be a JDBC repository, consider annotating your entities with one of these annotations: org.springframework.data.relational.core.mapping.Table.
2025-05-28T13:39:36.302+08:00  INFO 11636 --- [quizz-b] [main] .s.d.r.c.RepositoryConfigurationDelegate : Finished Spring Data repository scanning in 21 ms. Found 0 JDBC repository interfaces.
2025-05-28T13:39:36.309+08:00  INFO 11636 --- [quizz-b] [main] .s.d.r.c.RepositoryConfigurationDelegate : Multiple Spring Data modules found, entering strict repository configuration mode
2025-05-28T13:39:36.310+08:00  INFO 11636 --- [quizz-b] [main] .s.d.r.c.RepositoryConfigurationDelegate : Bootstrapping Spring Data JPA repositories in DEFAULT mode.
2025-05-28T13:39:36.328+08:00  INFO 11636 --- [quizz-b] [main] .s.d.r.c.RepositoryConfigurationDelegate : Finished Spring Data repository scanning in 15 ms. Found 1 JPA repository interface.
2025-05-28T13:39:36.759+08:00  INFO 11636 --- [quizz-b] [main] o.s.b.w.embedded.tomcat.TomcatWebServer  : Tomcat initialized with port 8081 (http)
2025-05-28T13:39:36.770+08:00  INFO 11636 --- [quizz-b] [main] o.apache.catalina.core.StandardService   : Starting service [Tomcat]
2025-05-28T13:39:36.770+08:00  INFO 11636 --- [quizz-b] [main] o.apache.catalina.core.StandardEngine    : Starting Servlet engine: [Apache Tomcat/10.1.41]
2025-05-28T13:39:36.907+08:00  INFO 11636 --- [quizz-b] [main] org.apache.jasper.servlet.TldScanner     : At least one JAR was scanned for TLDs yet contained no TLDs. Enable debug logging for this logger for a complete list of JARs that were scanned but no TLDs were found in them. Skipping unneeded JARs during scanning can improve startup time and JSP compilation time.
2025-05-28T13:39:36.912+08:00  INFO 11636 --- [quizz-b] [main] o.a.c.c.C.[Tomcat].[localhost].[/]       : Initializing Spring embedded WebApplicationContext
2025-05-28T13:39:36.912+08:00  INFO 11636 --- [quizz-b] [main] w.s.c.ServletWebServerApplicationContext : Root WebApplicationContext: initialization completed in 1118 ms
2025-05-28T13:39:37.052+08:00  INFO 11636 --- [quizz-b] [main] o.hibernate.jpa.internal.util.LogHelper  : HHH000204: Processing PersistenceUnitInfo [name: default]
2025-05-28T13:39:37.098+08:00  INFO 11636 --- [quizz-b] [main] org.hibernate.Version                    : HHH000412: Hibernate ORM core version 6.6.15.Final
2025-05-28T13:39:37.123+08:00  INFO 11636 --- [quizz-b] [main] o.h.c.internal.RegionFactoryInitiator    : HHH000026: Second-level cache disabled
2025-05-28T13:39:37.321+08:00  INFO 11636 --- [quizz-b] [main] o.s.o.j.p.SpringPersistenceUnitInfo      : No LoadTimeWeaver setup: ignoring JPA class transformer
2025-05-28T13:39:37.343+08:00  INFO 11636 --- [quizz-b] [main] com.zaxxer.hikari.HikariDataSource       : HikariPool-1 - Starting...
2025-05-28T13:39:37.460+08:00  INFO 11636 --- [quizz-b] [main] com.zaxxer.hikari.pool.HikariPool        : HikariPool-1 - Added connection com.mysql.cj.jdbc.ConnectionImpl@12670e55
2025-05-28T13:39:37.462+08:00  INFO 11636 --- [quizz-b] [main] com.zaxxer.hikari.HikariDataSource       : HikariPool-1 - Start completed.
2025-05-28T13:39:37.521+08:00  INFO 11636 --- [quizz-b] [main] org.hibernate.orm.connections.pooling    : HHH10001005: Database info:
	Database JDBC URL [Connecting through datasource 'HikariDataSource (HikariPool-1)']
	Database driver: undefined/unknown
	Database version: 8.0.34
	Autocommit mode: undefined/unknown
	Isolation level: undefined/unknown
	Minimum pool size: undefined/unknown
	Maximum pool size: undefined/unknown
2025-05-28T13:39:38.021+08:00  INFO 11636 --- [quizz-b] [main] o.h.e.t.j.p.i.JtaPlatformInitiator       : HHH000489: No JTA platform available (set 'hibernate.transaction.jta.platform' to enable JTA platform integration)
2025-05-28T13:39:38.059+08:00  INFO 11636 --- [quizz-b] [main] j.LocalContainerEntityManagerFactoryBean : Initialized JPA EntityManagerFactory for persistence unit 'default'
2025-05-28T13:39:38.285+08:00  WARN 11636 --- [quizz-b] [main] .s.s.UserDetailsServiceAutoConfiguration : 

Using generated security password: 78b1d581-41d6-4ddd-9568-5ef4dd304b0a

This generated password is for development use only. Your security configuration must be updated before running your application in production.

2025-05-28T13:39:38.290+08:00  INFO 11636 --- [quizz-b] [main] r$InitializeUserDetailsManagerConfigurer : Global AuthenticationManager configured with UserDetailsService bean with name inMemoryUserDetailsManager
2025-05-28T13:39:38.670+08:00  INFO 11636 --- [quizz-b] [main] o.s.b.w.embedded.tomcat.TomcatWebServer  : Tomcat started on port 8081 (http) with context path '/'
2025-05-28T13:39:38.675+08:00  INFO 11636 --- [quizz-b] [main] com.example.quizz_b.DemoApplication      : Started DemoApplication in 3.276 seconds (process running for 3.575)
2025-05-28T13:40:13.390+08:00  INFO 11636 --- [quizz-b] [http-nio-8081-exec-1] o.a.c.c.C.[Tomcat].[localhost].[/]       : Initializing Spring DispatcherServlet 'dispatcherServlet'
2025-05-28T13:40:13.391+08:00  INFO 11636 --- [quizz-b] [http-nio-8081-exec-1] o.s.web.servlet.DispatcherServlet        : Initializing Servlet 'dispatcherServlet'
2025-05-28T13:40:13.391+08:00  INFO 11636 --- [quizz-b] [http-nio-8081-exec-1] o.s.web.servlet.DispatcherServlet        : Completed initialization in 0 ms
2025-05-28T13:57:10.484+08:00  INFO 11636 --- [quizz-b] [SpringApplicationShutdownHook] o.s.b.w.e.tomcat.GracefulShutdown        : Commencing graceful shutdown. Waiting for active requests to complete
2025-05-28T13:57:10.487+08:00  INFO 11636 --- [quizz-b] [tomcat-shutdown] o.s.b.w.e.tomcat.GracefulShutdown        : Graceful shutdown complete
2025-05-28T13:57:10.489+08:00  INFO 11636 --- [quizz-b] [SpringApplicationShutdownHook] j.LocalContainerEntityManagerFactoryBean : Closing JPA EntityManagerFactory for persistence unit 'default'
2025-05-28T13:57:10.491+08:00  INFO 11636 --- [quizz-b] [SpringApplicationShutdownHook] com.zaxxer.hikari.HikariDataSource       : HikariPool-1 - Shutdown initiated...
2025-05-28T13:57:10.496+08:00  INFO 11636 --- [quizz-b] [SpringApplicationShutdownHook] com.zaxxer.hikari.HikariDataSource       : HikariPool-1 - Shutdown completed.
2025-05-28T13:57:12.676+08:00  INFO 14548 --- [quizz-b] [main] com.example.quizz_b.DemoApplication      : Starting DemoApplication using Java 21.0.6 with PID 14548 (E:\quizz-b\target\classes started by NTPU in E:\quizz-b)
2025-05-28T13:57:12.677+08:00  INFO 14548 --- [quizz-b] [main] com.example.quizz_b.DemoApplication      : No active profile set, falling back to 1 default profile: "default"
2025-05-28T13:57:13.110+08:00  INFO 14548 --- [quizz-b] [main] .s.d.r.c.RepositoryConfigurationDelegate : Multiple Spring Data modules found, entering strict repository configuration mode
2025-05-28T13:57:13.111+08:00  INFO 14548 --- [quizz-b] [main] .s.d.r.c.RepositoryConfigurationDelegate : Bootstrapping Spring Data JDBC repositories in DEFAULT mode.
2025-05-28T13:57:13.133+08:00  INFO 14548 --- [quizz-b] [main] .RepositoryConfigurationExtensionSupport : Spring Data JDBC - Could not safely identify store assignment for repository candidate interface com.example.quizz_b.repository.UserRepository; If you want this repository to be a JDBC repository, consider annotating your entities with one of these annotations: org.springframework.data.relational.core.mapping.Table.
2025-05-28T13:57:13.134+08:00  INFO 14548 --- [quizz-b] [main] .s.d.r.c.RepositoryConfigurationDelegate : Finished Spring Data repository scanning in 18 ms. Found 0 JDBC repository interfaces.
2025-05-28T13:57:13.141+08:00  INFO 14548 --- [quizz-b] [main] .s.d.r.c.RepositoryConfigurationDelegate : Multiple Spring Data modules found, entering strict repository configuration mode
2025-05-28T13:57:13.142+08:00  INFO 14548 --- [quizz-b] [main] .s.d.r.c.RepositoryConfigurationDelegate : Bootstrapping Spring Data JPA repositories in DEFAULT mode.
2025-05-28T13:57:13.166+08:00  INFO 14548 --- [quizz-b] [main] .s.d.r.c.RepositoryConfigurationDelegate : Finished Spring Data repository scanning in 21 ms. Found 1 JPA repository interface.
2025-05-28T13:57:13.541+08:00  INFO 14548 --- [quizz-b] [main] o.s.b.w.embedded.tomcat.TomcatWebServer  : Tomcat initialized with port 8081 (http)
2025-05-28T13:57:13.552+08:00  INFO 14548 --- [quizz-b] [main] o.apache.catalina.core.StandardService   : Starting service [Tomcat]
2025-05-28T13:57:13.552+08:00  INFO 14548 --- [quizz-b] [main] o.apache.catalina.core.StandardEngine    : Starting Servlet engine: [Apache Tomcat/10.1.41]
2025-05-28T13:57:13.697+08:00  INFO 14548 --- [quizz-b] [main] org.apache.jasper.servlet.TldScanner     : At least one JAR was scanned for TLDs yet contained no TLDs. Enable debug logging for this logger for a complete list of JARs that were scanned but no TLDs were found in them. Skipping unneeded JARs during scanning can improve startup time and JSP compilation time.
2025-05-28T13:57:13.701+08:00  INFO 14548 --- [quizz-b] [main] o.a.c.c.C.[Tomcat].[localhost].[/]       : Initializing Spring embedded WebApplicationContext
2025-05-28T13:57:13.701+08:00  INFO 14548 --- [quizz-b] [main] w.s.c.ServletWebServerApplicationContext : Root WebApplicationContext: initialization completed in 994 ms
2025-05-28T13:57:13.836+08:00  INFO 14548 --- [quizz-b] [main] o.hibernate.jpa.internal.util.LogHelper  : HHH000204: Processing PersistenceUnitInfo [name: default]
2025-05-28T13:57:13.867+08:00  INFO 14548 --- [quizz-b] [main] org.hibernate.Version                    : HHH000412: Hibernate ORM core version 6.6.15.Final
2025-05-28T13:57:13.893+08:00  INFO 14548 --- [quizz-b] [main] o.h.c.internal.RegionFactoryInitiator    : HHH000026: Second-level cache disabled
2025-05-28T13:57:14.062+08:00  INFO 14548 --- [quizz-b] [main] o.s.o.j.p.SpringPersistenceUnitInfo      : No LoadTimeWeaver setup: ignoring JPA class transformer
2025-05-28T13:57:14.087+08:00  INFO 14548 --- [quizz-b] [main] com.zaxxer.hikari.HikariDataSource       : HikariPool-1 - Starting...
2025-05-28T13:57:14.199+08:00  INFO 14548 --- [quizz-b] [main] com.zaxxer.hikari.pool.HikariPool        : HikariPool-1 - Added connection com.mysql.cj.jdbc.ConnectionImpl@13dd7887
2025-05-28T13:57:14.200+08:00  INFO 14548 --- [quizz-b] [main] com.zaxxer.hikari.HikariDataSource       : HikariPool-1 - Start completed.
2025-05-28T13:57:14.246+08:00  INFO 14548 --- [quizz-b] [main] org.hibernate.orm.connections.pooling    : HHH10001005: Database info:
	Database JDBC URL [Connecting through datasource 'HikariDataSource (HikariPool-1)']
	Database driver: undefined/unknown
	Database version: 8.0.34
	Autocommit mode: undefined/unknown
	Isolation level: undefined/unknown
	Minimum pool size: undefined/unknown
	Maximum pool size: undefined/unknown
2025-05-28T13:57:14.750+08:00  INFO 14548 --- [quizz-b] [main] o.h.e.t.j.p.i.JtaPlatformInitiator       : HHH000489: No JTA platform available (set 'hibernate.transaction.jta.platform' to enable JTA platform integration)
2025-05-28T13:57:14.777+08:00  INFO 14548 --- [quizz-b] [main] j.LocalContainerEntityManagerFactoryBean : Initialized JPA EntityManagerFactory for persistence unit 'default'
2025-05-28T13:57:14.977+08:00  WARN 14548 --- [quizz-b] [main] .s.s.UserDetailsServiceAutoConfiguration : 

Using generated security password: e974b18a-05ab-4ff8-a033-b8f485db143b

This generated password is for development use only. Your security configuration must be updated before running your application in production.

2025-05-28T13:57:14.982+08:00  INFO 14548 --- [quizz-b] [main] r$InitializeUserDetailsManagerConfigurer : Global AuthenticationManager configured with UserDetailsService bean with name inMemoryUserDetailsManager
2025-05-28T13:57:15.335+08:00  INFO 14548 --- [quizz-b] [main] o.s.b.w.embedded.tomcat.TomcatWebServer  : Tomcat started on port 8081 (http) with context path '/'
2025-05-28T13:57:15.340+08:00  INFO 14548 --- [quizz-b] [main] com.example.quizz_b.DemoApplication      : Started DemoApplication in 2.986 seconds (process running for 3.233)
2025-05-28T13:57:18.935+08:00  INFO 14548 --- [quizz-b] [http-nio-8081-exec-1] o.a.c.c.C.[Tomcat].[localhost].[/]       : Initializing Spring DispatcherServlet 'dispatcherServlet'
2025-05-28T13:57:18.935+08:00  INFO 14548 --- [quizz-b] [http-nio-8081-exec-1] o.s.web.servlet.DispatcherServlet        : Initializing Servlet 'dispatcherServlet'
2025-05-28T13:57:18.936+08:00  INFO 14548 --- [quizz-b] [http-nio-8081-exec-1] o.s.web.servlet.DispatcherServlet        : Completed initialization in 1 ms
2025-05-28T13:57:18.964+08:00  WARN 14548 --- [quizz-b] [http-nio-8081-exec-1] .w.s.m.s.DefaultHandlerExceptionResolver : Resolved [org.springframework.web.bind.MissingServletRequestParameterException: Required request parameter 'username' for method parameter type String is not present]
2025-05-28T13:59:38.101+08:00  INFO 14548 --- [quizz-b] [SpringApplicationShutdownHook] o.s.b.w.e.tomcat.GracefulShutdown        : Commencing graceful shutdown. Waiting for active requests to complete
2025-05-28T13:59:38.104+08:00  INFO 14548 --- [quizz-b] [tomcat-shutdown] o.s.b.w.e.tomcat.GracefulShutdown        : Graceful shutdown complete
2025-05-28T13:59:38.106+08:00  INFO 14548 --- [quizz-b] [SpringApplicationShutdownHook] j.LocalContainerEntityManagerFactoryBean : Closing JPA EntityManagerFactory for persistence unit 'default'
2025-05-28T13:59:38.107+08:00  INFO 14548 --- [quizz-b] [SpringApplicationShutdownHook] com.zaxxer.hikari.HikariDataSource       : HikariPool-1 - Shutdown initiated...
2025-05-28T13:59:38.111+08:00  INFO 14548 --- [quizz-b] [SpringApplicationShutdownHook] com.zaxxer.hikari.HikariDataSource       : HikariPool-1 - Shutdown completed.
2025-05-28T13:59:40.193+08:00  INFO 6184 --- [quizz-b] [main] com.example.quizz_b.DemoApplication      : Starting DemoApplication using Java 21.0.6 with PID 6184 (E:\quizz-b\target\classes started by NTPU in E:\quizz-b)
2025-05-28T13:59:40.194+08:00  INFO 6184 --- [quizz-b] [main] com.example.quizz_b.DemoApplication      : No active profile set, falling back to 1 default profile: "default"
2025-05-28T13:59:40.606+08:00  INFO 6184 --- [quizz-b] [main] .s.d.r.c.RepositoryConfigurationDelegate : Multiple Spring Data modules found, entering strict repository configuration mode
2025-05-28T13:59:40.607+08:00  INFO 6184 --- [quizz-b] [main] .s.d.r.c.RepositoryConfigurationDelegate : Bootstrapping Spring Data JDBC repositories in DEFAULT mode.
2025-05-28T13:59:40.627+08:00  INFO 6184 --- [quizz-b] [main] .RepositoryConfigurationExtensionSupport : Spring Data JDBC - Could not safely identify store assignment for repository candidate interface com.example.quizz_b.repository.UserRepository; If you want this repository to be a JDBC repository, consider annotating your entities with one of these annotations: org.springframework.data.relational.core.mapping.Table.
2025-05-28T13:59:40.627+08:00  INFO 6184 --- [quizz-b] [main] .s.d.r.c.RepositoryConfigurationDelegate : Finished Spring Data repository scanning in 16 ms. Found 0 JDBC repository interfaces.
2025-05-28T13:59:40.635+08:00  INFO 6184 --- [quizz-b] [main] .s.d.r.c.RepositoryConfigurationDelegate : Multiple Spring Data modules found, entering strict repository configuration mode
2025-05-28T13:59:40.635+08:00  INFO 6184 --- [quizz-b] [main] .s.d.r.c.RepositoryConfigurationDelegate : Bootstrapping Spring Data JPA repositories in DEFAULT mode.
2025-05-28T13:59:40.652+08:00  INFO 6184 --- [quizz-b] [main] .s.d.r.c.RepositoryConfigurationDelegate : Finished Spring Data repository scanning in 14 ms. Found 1 JPA repository interface.
2025-05-28T13:59:40.989+08:00  INFO 6184 --- [quizz-b] [main] o.s.b.w.embedded.tomcat.TomcatWebServer  : Tomcat initialized with port 8081 (http)
2025-05-28T13:59:40.999+08:00  INFO 6184 --- [quizz-b] [main] o.apache.catalina.core.StandardService   : Starting service [Tomcat]
2025-05-28T13:59:40.999+08:00  INFO 6184 --- [quizz-b] [main] o.apache.catalina.core.StandardEngine    : Starting Servlet engine: [Apache Tomcat/10.1.41]
2025-05-28T13:59:41.141+08:00  INFO 6184 --- [quizz-b] [main] org.apache.jasper.servlet.TldScanner     : At least one JAR was scanned for TLDs yet contained no TLDs. Enable debug logging for this logger for a complete list of JARs that were scanned but no TLDs were found in them. Skipping unneeded JARs during scanning can improve startup time and JSP compilation time.
2025-05-28T13:59:41.145+08:00  INFO 6184 --- [quizz-b] [main] o.a.c.c.C.[Tomcat].[localhost].[/]       : Initializing Spring embedded WebApplicationContext
2025-05-28T13:59:41.145+08:00  INFO 6184 --- [quizz-b] [main] w.s.c.ServletWebServerApplicationContext : Root WebApplicationContext: initialization completed in 923 ms
2025-05-28T13:59:41.258+08:00  INFO 6184 --- [quizz-b] [main] o.hibernate.jpa.internal.util.LogHelper  : HHH000204: Processing PersistenceUnitInfo [name: default]
2025-05-28T13:59:41.285+08:00  INFO 6184 --- [quizz-b] [main] org.hibernate.Version                    : HHH000412: Hibernate ORM core version 6.6.15.Final
2025-05-28T13:59:41.304+08:00  INFO 6184 --- [quizz-b] [main] o.h.c.internal.RegionFactoryInitiator    : HHH000026: Second-level cache disabled
2025-05-28T13:59:41.458+08:00  INFO 6184 --- [quizz-b] [main] o.s.o.j.p.SpringPersistenceUnitInfo      : No LoadTimeWeaver setup: ignoring JPA class transformer
2025-05-28T13:59:41.477+08:00  INFO 6184 --- [quizz-b] [main] com.zaxxer.hikari.HikariDataSource       : HikariPool-1 - Starting...
2025-05-28T13:59:41.577+08:00  INFO 6184 --- [quizz-b] [main] com.zaxxer.hikari.pool.HikariPool        : HikariPool-1 - Added connection com.mysql.cj.jdbc.ConnectionImpl@13dd7887
2025-05-28T13:59:41.578+08:00  INFO 6184 --- [quizz-b] [main] com.zaxxer.hikari.HikariDataSource       : HikariPool-1 - Start completed.
2025-05-28T13:59:41.627+08:00  INFO 6184 --- [quizz-b] [main] org.hibernate.orm.connections.pooling    : HHH10001005: Database info:
	Database JDBC URL [Connecting through datasource 'HikariDataSource (HikariPool-1)']
	Database driver: undefined/unknown
	Database version: 8.0.34
	Autocommit mode: undefined/unknown
	Isolation level: undefined/unknown
	Minimum pool size: undefined/unknown
	Maximum pool size: undefined/unknown
2025-05-28T13:59:42.111+08:00  INFO 6184 --- [quizz-b] [main] o.h.e.t.j.p.i.JtaPlatformInitiator       : HHH000489: No JTA platform available (set 'hibernate.transaction.jta.platform' to enable JTA platform integration)
2025-05-28T13:59:42.140+08:00  INFO 6184 --- [quizz-b] [main] j.LocalContainerEntityManagerFactoryBean : Initialized JPA EntityManagerFactory for persistence unit 'default'
2025-05-28T13:59:42.342+08:00  WARN 6184 --- [quizz-b] [main] .s.s.UserDetailsServiceAutoConfiguration : 

Using generated security password: 6aac8e8e-039e-4ad6-a175-541cd8ffb456

This generated password is for development use only. Your security configuration must be updated before running your application in production.

2025-05-28T13:59:42.346+08:00  INFO 6184 --- [quizz-b] [main] r$InitializeUserDetailsManagerConfigurer : Global AuthenticationManager configured with UserDetailsService bean with name inMemoryUserDetailsManager
2025-05-28T13:59:42.679+08:00  INFO 6184 --- [quizz-b] [main] o.s.b.w.embedded.tomcat.TomcatWebServer  : Tomcat started on port 8081 (http) with context path '/'
2025-05-28T13:59:42.684+08:00  INFO 6184 --- [quizz-b] [main] com.example.quizz_b.DemoApplication      : Started DemoApplication in 2.806 seconds (process running for 3.039)
2025-05-28T13:59:45.274+08:00  INFO 6184 --- [quizz-b] [http-nio-8081-exec-2] o.a.c.c.C.[Tomcat].[localhost].[/]       : Initializing Spring DispatcherServlet 'dispatcherServlet'
2025-05-28T13:59:45.274+08:00  INFO 6184 --- [quizz-b] [http-nio-8081-exec-2] o.s.web.servlet.DispatcherServlet        : Initializing Servlet 'dispatcherServlet'
2025-05-28T13:59:45.275+08:00  INFO 6184 --- [quizz-b] [http-nio-8081-exec-2] o.s.web.servlet.DispatcherServlet        : Completed initialization in 1 ms
2025-05-28T14:17:52.274+08:00  WARN 6184 --- [quizz-b] [http-nio-8081-exec-4] .w.s.m.s.DefaultHandlerExceptionResolver : Resolved [org.springframework.web.bind.MissingServletRequestParameterException: Required request parameter 'email' for method parameter type String is not present]
2025-05-28T14:18:23.103+08:00  WARN 6184 --- [quizz-b] [http-nio-8081-exec-3] .w.s.m.s.DefaultHandlerExceptionResolver : Resolved [org.springframework.web.bind.MissingServletRequestParameterException: Required request parameter 'email' for method parameter type String is not present]
2025-05-28T17:12:49.325+08:00  INFO 6184 --- [quizz-b] [SpringApplicationShutdownHook] o.s.b.w.e.tomcat.GracefulShutdown        : Commencing graceful shutdown. Waiting for active requests to complete
2025-05-28T17:12:49.328+08:00  INFO 6184 --- [quizz-b] [tomcat-shutdown] o.s.b.w.e.tomcat.GracefulShutdown        : Graceful shutdown complete
2025-05-28T17:12:49.329+08:00  INFO 6184 --- [quizz-b] [SpringApplicationShutdownHook] j.LocalContainerEntityManagerFactoryBean : Closing JPA EntityManagerFactory for persistence unit 'default'
2025-05-28T17:12:49.331+08:00  INFO 6184 --- [quizz-b] [SpringApplicationShutdownHook] com.zaxxer.hikari.HikariDataSource       : HikariPool-1 - Shutdown initiated...
2025-05-28T17:12:49.332+08:00  INFO 6184 --- [quizz-b] [SpringApplicationShutdownHook] com.zaxxer.hikari.HikariDataSource       : HikariPool-1 - Shutdown completed.
